<?xml version="1.0" encoding="UTF-8"?>
<!-- Generated by org.testng.reporters.JUnitXMLReporter -->
<testsuite ignored="0" hostname="HYD-LT-BZH2PT2" failures="3" tests="3" name="Test" time="58.151" errors="0" timestamp="2021-08-06T02:33:35 IST">
  <testcase classname="insuranceCalculation_MotorCycle.EndToEndTests_motorcycle" name="insuranceCalculate" time="11.883">
    <failure type="java.lang.Exception" message="Value is not present in dropdown for WebElement:  [[ChromeDriver: chrome on WINDOWS (1092df8a6e5940a0f73bc8194137890c)] -&amp;gt; id: numberofseatsmotorcycle]  value to be selected is:  2.0">
      <![CDATA[java.lang.Exception: Value is not present in dropdown for WebElement:  [[ChromeDriver: chrome on WINDOWS (1092df8a6e5940a0f73bc8194137890c)] -> id: numberofseatsmotorcycle]  value to be selected is:  2.0
at reusableComponents.CommonMethods.selectDropdownOption(CommonMethods.java:31)
at pageObjects.VehicleDataPageObjects.enterVehicleData(VehicleDataPageObjects.java:71)
at insuranceCalculation_MotorCycle.EndToEndTests_motorcycle.insuranceCalculate(EndToEndTests_motorcycle.java:25)
at java.base/java.util.ArrayList.forEach(ArrayList.java:1507)
... Removed 27 stack frames]]>
    </failure>
  </testcase> <!-- insuranceCalculate -->
  <testcase classname="insuranceCalculation_MotorCycle.EndToEndTests_motorcycle" name="insuranceCalculate" time="11.974">
    <failure type="java.lang.Exception" message="Value is not present in dropdown for WebElement:  [[ChromeDriver: chrome on WINDOWS (91663c97f9e472e37bda8c153143d11f)] -&amp;gt; id: numberofseatsmotorcycle]  value to be selected is:  2.0">
      <![CDATA[java.lang.Exception: Value is not present in dropdown for WebElement:  [[ChromeDriver: chrome on WINDOWS (91663c97f9e472e37bda8c153143d11f)] -> id: numberofseatsmotorcycle]  value to be selected is:  2.0
at reusableComponents.CommonMethods.selectDropdownOption(CommonMethods.java:31)
at pageObjects.VehicleDataPageObjects.enterVehicleData(VehicleDataPageObjects.java:71)
at insuranceCalculation_MotorCycle.EndToEndTests_motorcycle.insuranceCalculate(EndToEndTests_motorcycle.java:25)
at java.base/java.util.ArrayList.forEach(ArrayList.java:1507)
... Removed 27 stack frames]]>
    </failure>
  </testcase> <!-- insuranceCalculate -->
  <testcase classname="insuranceCalculation_MotorCycle.EndToEndTests_motorcycle" name="insuranceCalculate" time="11.602">
    <failure type="java.lang.Exception" message="Value is not present in dropdown for WebElement:  [[ChromeDriver: chrome on WINDOWS (222ca964daec6f81950cfa8d3fdca139)] -&amp;gt; id: numberofseatsmotorcycle]  value to be selected is:  2.0">
      <![CDATA[java.lang.Exception: Value is not present in dropdown for WebElement:  [[ChromeDriver: chrome on WINDOWS (222ca964daec6f81950cfa8d3fdca139)] -> id: numberofseatsmotorcycle]  value to be selected is:  2.0
at reusableComponents.CommonMethods.selectDropdownOption(CommonMethods.java:31)
at pageObjects.VehicleDataPageObjects.enterVehicleData(VehicleDataPageObjects.java:71)
at insuranceCalculation_MotorCycle.EndToEndTests_motorcycle.insuranceCalculate(EndToEndTests_motorcycle.java:25)
at java.base/java.util.ArrayList.forEach(ArrayList.java:1507)
... Removed 27 stack frames]]>
    </failure>
  </testcase> <!-- insuranceCalculate -->
</testsuite> <!-- Test -->
