<?xml version="1.0" encoding="UTF-8"?>
<testng-results ignored="0" total="3" passed="0" failed="3" skipped="0">
  <reporter-output>
  </reporter-output>
  <suite started-at="2021-08-16T18:40:16 IST" name="Suite" finished-at="2021-08-16T18:41:26 IST" duration-ms="69871">
    <groups>
    </groups>
    <test started-at="2021-08-16T18:40:16 IST" name="Test" finished-at="2021-08-16T18:41:26 IST" duration-ms="69871">
      <class name="insuranceCalculation_MotorCycle.EndToEndTests_motorcycle">
        <test-method is-config="true" signature="appSetUp()[pri:0, instance:insuranceCalculation_MotorCycle.EndToEndTests_motorcycle@19c65cdc]" started-at="2021-08-16T18:40:16 IST" name="appSetUp" finished-at="2021-08-16T18:40:25 IST" duration-ms="9077" status="PASS">
          <reporter-output>
          </reporter-output>
        </test-method> <!-- appSetUp -->
        <test-method signature="insuranceCalculate(java.lang.Object)[pri:0, instance:insuranceCalculation_MotorCycle.EndToEndTests_motorcycle@19c65cdc]" started-at="2021-08-16T18:40:25 IST" name="insuranceCalculate" data-provider="vehData" finished-at="2021-08-16T18:40:37 IST" duration-ms="11937" status="FAIL">
          <params>
            <param index="0">
              <value>
                <![CDATA[{Vehicle_List Price=888.0, Product_startdate=12/12/2020, PriceValidation_Gold=238.00, TC No=1.0, Vehicle_Annual Mileage=100.0, Product_insurancesum= 5.000.000,00, Vehicle_Date of Manufacture=09/04/2019, Insurant_Hobby=speeding,Other, SelectOption=Silver, PriceValidation_Ultimate=2,621.00, PriceValidation_Silver=701.00, Vehicle_Make=Honda, Insurant_occupation=Farmer, Vehicle_No of Seats_motorcycle=2.0, Insurant_LastName=NNN, Product_OptionalProducts=Euro Protection, Vehicle_Enging Performance=666.0, Insurant_ImageFilePath=??, Vehicle_Model=Motorcycle, Insurant_country=India, Insurant_zipcode=444061.0, Product_damageinsurance=Partial Coverage, TC Name=Verify Insurance Premium for Honda MotorCycle, Vehicle_CylinderCapacity=333.0, PriceValidation_Platinum=1,376.00, Insurant_FirstName=Prakash, Insurant_birthdate=12/12/1989, Insurant_gender=Male}]]>
              </value>
            </param>
          </params>
          <exception class="java.lang.Exception">
            <message>
              <![CDATA[Value is not present in dropdown for WebElement:  [[ChromeDriver: chrome on WINDOWS (1b467cb8fae8495b628fcc7541027cb7)] -> id: numberofseatsmotorcycle]  value to be selected is:  2.0]]>
            </message>
            <full-stacktrace>
              <![CDATA[java.lang.Exception: Value is not present in dropdown for WebElement:  [[ChromeDriver: chrome on WINDOWS (1b467cb8fae8495b628fcc7541027cb7)] -> id: numberofseatsmotorcycle]  value to be selected is:  2.0
at reusableComponents.CommonMethods.selectDropdownOption(CommonMethods.java:31)
at pageObjects.VehicleDataPageObjects.enterVehicleData(VehicleDataPageObjects.java:71)
at insuranceCalculation_MotorCycle.EndToEndTests_motorcycle.insuranceCalculate(EndToEndTests_motorcycle.java:25)
at java.base/jdk.internal.reflect.NativeMethodAccessorImpl.invoke0(Native Method)
at java.base/jdk.internal.reflect.NativeMethodAccessorImpl.invoke(NativeMethodAccessorImpl.java:62)
at java.base/jdk.internal.reflect.DelegatingMethodAccessorImpl.invoke(DelegatingMethodAccessorImpl.java:43)
at java.base/java.lang.reflect.Method.invoke(Method.java:567)
at org.testng.internal.MethodInvocationHelper.invokeMethod(MethodInvocationHelper.java:133)
at org.testng.internal.TestInvoker.invokeMethod(TestInvoker.java:598)
at org.testng.internal.TestInvoker.invokeTestMethod(TestInvoker.java:173)
at org.testng.internal.MethodRunner.runInSequence(MethodRunner.java:46)
at org.testng.internal.TestInvoker$MethodInvocationAgent.invoke(TestInvoker.java:824)
at org.testng.internal.TestInvoker.invokeTestMethods(TestInvoker.java:146)
at org.testng.internal.TestMethodWorker.invokeTestMethods(TestMethodWorker.java:146)
at org.testng.internal.TestMethodWorker.run(TestMethodWorker.java:128)
at java.base/java.util.ArrayList.forEach(ArrayList.java:1507)
at org.testng.TestRunner.privateRun(TestRunner.java:794)
at org.testng.TestRunner.run(TestRunner.java:596)
at org.testng.SuiteRunner.runTest(SuiteRunner.java:377)
at org.testng.SuiteRunner.runSequentially(SuiteRunner.java:371)
at org.testng.SuiteRunner.privateRun(SuiteRunner.java:332)
at org.testng.SuiteRunner.run(SuiteRunner.java:276)
at org.testng.SuiteRunnerWorker.runSuite(SuiteRunnerWorker.java:53)
at org.testng.SuiteRunnerWorker.run(SuiteRunnerWorker.java:96)
at org.testng.TestNG.runSuitesSequentially(TestNG.java:1212)
at org.testng.TestNG.runSuitesLocally(TestNG.java:1134)
at org.testng.TestNG.runSuites(TestNG.java:1063)
at org.testng.TestNG.run(TestNG.java:1031)
at org.apache.maven.surefire.testng.TestNGExecutor.run(TestNGExecutor.java:283)
at org.apache.maven.surefire.testng.TestNGXmlTestSuite.execute(TestNGXmlTestSuite.java:75)
at org.apache.maven.surefire.testng.TestNGProvider.invoke(TestNGProvider.java:120)
at org.apache.maven.surefire.booter.ForkedBooter.invokeProviderInSameClassLoader(ForkedBooter.java:384)
at org.apache.maven.surefire.booter.ForkedBooter.runSuitesInProcess(ForkedBooter.java:345)
at org.apache.maven.surefire.booter.ForkedBooter.execute(ForkedBooter.java:126)
at org.apache.maven.surefire.booter.ForkedBooter.main(ForkedBooter.java:418)
]]>
            </full-stacktrace>
          </exception> <!-- java.lang.Exception -->
          <reporter-output>
          </reporter-output>
        </test-method> <!-- insuranceCalculate -->
        <test-method is-config="true" signature="teardown()[pri:0, instance:insuranceCalculation_MotorCycle.EndToEndTests_motorcycle@19c65cdc]" started-at="2021-08-16T18:40:37 IST" name="teardown" finished-at="2021-08-16T18:40:37 IST" duration-ms="183" status="PASS">
          <reporter-output>
          </reporter-output>
        </test-method> <!-- teardown -->
        <test-method is-config="true" signature="appSetUp()[pri:0, instance:insuranceCalculation_MotorCycle.EndToEndTests_motorcycle@19c65cdc]" started-at="2021-08-16T18:40:37 IST" name="appSetUp" finished-at="2021-08-16T18:40:43 IST" duration-ms="5471" status="PASS">
          <reporter-output>
          </reporter-output>
        </test-method> <!-- appSetUp -->
        <test-method signature="insuranceCalculate(java.lang.Object)[pri:0, instance:insuranceCalculation_MotorCycle.EndToEndTests_motorcycle@19c65cdc]" started-at="2021-08-16T18:40:43 IST" name="insuranceCalculate" data-provider="vehData" finished-at="2021-08-16T18:40:55 IST" duration-ms="11893" status="FAIL">
          <params>
            <param index="0">
              <value>
                <![CDATA[{Vehicle_List Price=888.0, Product_startdate=12/12/2025, PriceValidation_Gold=238.00, TC No=2.0, Vehicle_Annual Mileage=100.0, Product_insurancesum= 20.000.000,00, Vehicle_Date of Manufacture=09/04/2001, Insurant_Hobby=speeding,Other, SelectOption=Gold, PriceValidation_Ultimate=2,626.00, PriceValidation_Silver=702.00, Vehicle_Make=Volvo, Insurant_occupation=Farmer, Vehicle_No of Seats_motorcycle=2.0, Insurant_LastName=NNN, Product_OptionalProducts=Euro Protection, Vehicle_Enging Performance=900.0, Insurant_ImageFilePath=??, Vehicle_Model=Scooter, Insurant_country=Sweden, Insurant_zipcode=444061.0, Product_damageinsurance=Partial Coverage, TC Name=Verify Insurance Premium for Volvo Scooter, Vehicle_CylinderCapacity=900.0, PriceValidation_Platinum=1,379.00, Insurant_FirstName=Seema, Insurant_birthdate=12/12/1977, Insurant_gender=Female}]]>
              </value>
            </param>
          </params>
          <exception class="java.lang.Exception">
            <message>
              <![CDATA[Value is not present in dropdown for WebElement:  [[ChromeDriver: chrome on WINDOWS (530689a66514ed33507c996d44ccd857)] -> id: numberofseatsmotorcycle]  value to be selected is:  2.0]]>
            </message>
            <full-stacktrace>
              <![CDATA[java.lang.Exception: Value is not present in dropdown for WebElement:  [[ChromeDriver: chrome on WINDOWS (530689a66514ed33507c996d44ccd857)] -> id: numberofseatsmotorcycle]  value to be selected is:  2.0
at reusableComponents.CommonMethods.selectDropdownOption(CommonMethods.java:31)
at pageObjects.VehicleDataPageObjects.enterVehicleData(VehicleDataPageObjects.java:71)
at insuranceCalculation_MotorCycle.EndToEndTests_motorcycle.insuranceCalculate(EndToEndTests_motorcycle.java:25)
at java.base/jdk.internal.reflect.NativeMethodAccessorImpl.invoke0(Native Method)
at java.base/jdk.internal.reflect.NativeMethodAccessorImpl.invoke(NativeMethodAccessorImpl.java:62)
at java.base/jdk.internal.reflect.DelegatingMethodAccessorImpl.invoke(DelegatingMethodAccessorImpl.java:43)
at java.base/java.lang.reflect.Method.invoke(Method.java:567)
at org.testng.internal.MethodInvocationHelper.invokeMethod(MethodInvocationHelper.java:133)
at org.testng.internal.TestInvoker.invokeMethod(TestInvoker.java:598)
at org.testng.internal.TestInvoker.invokeTestMethod(TestInvoker.java:173)
at org.testng.internal.MethodRunner.runInSequence(MethodRunner.java:46)
at org.testng.internal.TestInvoker$MethodInvocationAgent.invoke(TestInvoker.java:824)
at org.testng.internal.TestInvoker.invokeTestMethods(TestInvoker.java:146)
at org.testng.internal.TestMethodWorker.invokeTestMethods(TestMethodWorker.java:146)
at org.testng.internal.TestMethodWorker.run(TestMethodWorker.java:128)
at java.base/java.util.ArrayList.forEach(ArrayList.java:1507)
at org.testng.TestRunner.privateRun(TestRunner.java:794)
at org.testng.TestRunner.run(TestRunner.java:596)
at org.testng.SuiteRunner.runTest(SuiteRunner.java:377)
at org.testng.SuiteRunner.runSequentially(SuiteRunner.java:371)
at org.testng.SuiteRunner.privateRun(SuiteRunner.java:332)
at org.testng.SuiteRunner.run(SuiteRunner.java:276)
at org.testng.SuiteRunnerWorker.runSuite(SuiteRunnerWorker.java:53)
at org.testng.SuiteRunnerWorker.run(SuiteRunnerWorker.java:96)
at org.testng.TestNG.runSuitesSequentially(TestNG.java:1212)
at org.testng.TestNG.runSuitesLocally(TestNG.java:1134)
at org.testng.TestNG.runSuites(TestNG.java:1063)
at org.testng.TestNG.run(TestNG.java:1031)
at org.apache.maven.surefire.testng.TestNGExecutor.run(TestNGExecutor.java:283)
at org.apache.maven.surefire.testng.TestNGXmlTestSuite.execute(TestNGXmlTestSuite.java:75)
at org.apache.maven.surefire.testng.TestNGProvider.invoke(TestNGProvider.java:120)
at org.apache.maven.surefire.booter.ForkedBooter.invokeProviderInSameClassLoader(ForkedBooter.java:384)
at org.apache.maven.surefire.booter.ForkedBooter.runSuitesInProcess(ForkedBooter.java:345)
at org.apache.maven.surefire.booter.ForkedBooter.execute(ForkedBooter.java:126)
at org.apache.maven.surefire.booter.ForkedBooter.main(ForkedBooter.java:418)
]]>
            </full-stacktrace>
          </exception> <!-- java.lang.Exception -->
          <reporter-output>
          </reporter-output>
        </test-method> <!-- insuranceCalculate -->
        <test-method is-config="true" signature="teardown()[pri:0, instance:insuranceCalculation_MotorCycle.EndToEndTests_motorcycle@19c65cdc]" started-at="2021-08-16T18:40:55 IST" name="teardown" finished-at="2021-08-16T18:40:59 IST" duration-ms="4066" status="PASS">
          <reporter-output>
          </reporter-output>
        </test-method> <!-- teardown -->
        <test-method is-config="true" signature="appSetUp()[pri:0, instance:insuranceCalculation_MotorCycle.EndToEndTests_motorcycle@19c65cdc]" started-at="2021-08-16T18:40:59 IST" name="appSetUp" finished-at="2021-08-16T18:41:09 IST" duration-ms="9872" status="PASS">
          <reporter-output>
          </reporter-output>
        </test-method> <!-- appSetUp -->
        <test-method signature="insuranceCalculate(java.lang.Object)[pri:0, instance:insuranceCalculation_MotorCycle.EndToEndTests_motorcycle@19c65cdc]" started-at="2021-08-16T18:41:09 IST" name="insuranceCalculate" data-provider="vehData" finished-at="2021-08-16T18:41:21 IST" duration-ms="12394" status="FAIL">
          <params>
            <param index="0">
              <value>
                <![CDATA[{Vehicle_List Price=1000.0, Product_startdate=12/12/2025, PriceValidation_Gold=87.00, TC No=3.0, Vehicle_Annual Mileage=100.0, Product_insurancesum= 3.000.000,00, Vehicle_Date of Manufacture=09/04/1989, Insurant_Hobby=speeding,Other, SelectOption=Ultimate, PriceValidation_Ultimate=967.00, PriceValidation_Silver=258.00, Vehicle_Make=Ford, Insurant_occupation=Farmer, Vehicle_No of Seats_motorcycle=2.0, Insurant_LastName=NNN, Product_OptionalProducts=Euro Protection, Vehicle_Enging Performance=100.0, Insurant_ImageFilePath=??, Vehicle_Model=Moped, Insurant_country=Sweden, Insurant_zipcode=444061.0, Product_damageinsurance=Partial Coverage, TC Name=Verify Insurance Premium for Ford Moped, Vehicle_CylinderCapacity=100.0, PriceValidation_Platinum=507.00, Insurant_FirstName=Savali, Insurant_birthdate=12/12/1956, Insurant_gender=Female}]]>
              </value>
            </param>
          </params>
          <exception class="java.lang.Exception">
            <message>
              <![CDATA[Value is not present in dropdown for WebElement:  [[ChromeDriver: chrome on WINDOWS (bc5fc641d8d4377fd5381a42677eee2d)] -> id: numberofseatsmotorcycle]  value to be selected is:  2.0]]>
            </message>
            <full-stacktrace>
              <![CDATA[java.lang.Exception: Value is not present in dropdown for WebElement:  [[ChromeDriver: chrome on WINDOWS (bc5fc641d8d4377fd5381a42677eee2d)] -> id: numberofseatsmotorcycle]  value to be selected is:  2.0
at reusableComponents.CommonMethods.selectDropdownOption(CommonMethods.java:31)
at pageObjects.VehicleDataPageObjects.enterVehicleData(VehicleDataPageObjects.java:71)
at insuranceCalculation_MotorCycle.EndToEndTests_motorcycle.insuranceCalculate(EndToEndTests_motorcycle.java:25)
at java.base/jdk.internal.reflect.NativeMethodAccessorImpl.invoke0(Native Method)
at java.base/jdk.internal.reflect.NativeMethodAccessorImpl.invoke(NativeMethodAccessorImpl.java:62)
at java.base/jdk.internal.reflect.DelegatingMethodAccessorImpl.invoke(DelegatingMethodAccessorImpl.java:43)
at java.base/java.lang.reflect.Method.invoke(Method.java:567)
at org.testng.internal.MethodInvocationHelper.invokeMethod(MethodInvocationHelper.java:133)
at org.testng.internal.TestInvoker.invokeMethod(TestInvoker.java:598)
at org.testng.internal.TestInvoker.invokeTestMethod(TestInvoker.java:173)
at org.testng.internal.MethodRunner.runInSequence(MethodRunner.java:46)
at org.testng.internal.TestInvoker$MethodInvocationAgent.invoke(TestInvoker.java:824)
at org.testng.internal.TestInvoker.invokeTestMethods(TestInvoker.java:146)
at org.testng.internal.TestMethodWorker.invokeTestMethods(TestMethodWorker.java:146)
at org.testng.internal.TestMethodWorker.run(TestMethodWorker.java:128)
at java.base/java.util.ArrayList.forEach(ArrayList.java:1507)
at org.testng.TestRunner.privateRun(TestRunner.java:794)
at org.testng.TestRunner.run(TestRunner.java:596)
at org.testng.SuiteRunner.runTest(SuiteRunner.java:377)
at org.testng.SuiteRunner.runSequentially(SuiteRunner.java:371)
at org.testng.SuiteRunner.privateRun(SuiteRunner.java:332)
at org.testng.SuiteRunner.run(SuiteRunner.java:276)
at org.testng.SuiteRunnerWorker.runSuite(SuiteRunnerWorker.java:53)
at org.testng.SuiteRunnerWorker.run(SuiteRunnerWorker.java:96)
at org.testng.TestNG.runSuitesSequentially(TestNG.java:1212)
at org.testng.TestNG.runSuitesLocally(TestNG.java:1134)
at org.testng.TestNG.runSuites(TestNG.java:1063)
at org.testng.TestNG.run(TestNG.java:1031)
at org.apache.maven.surefire.testng.TestNGExecutor.run(TestNGExecutor.java:283)
at org.apache.maven.surefire.testng.TestNGXmlTestSuite.execute(TestNGXmlTestSuite.java:75)
at org.apache.maven.surefire.testng.TestNGProvider.invoke(TestNGProvider.java:120)
at org.apache.maven.surefire.booter.ForkedBooter.invokeProviderInSameClassLoader(ForkedBooter.java:384)
at org.apache.maven.surefire.booter.ForkedBooter.runSuitesInProcess(ForkedBooter.java:345)
at org.apache.maven.surefire.booter.ForkedBooter.execute(ForkedBooter.java:126)
at org.apache.maven.surefire.booter.ForkedBooter.main(ForkedBooter.java:418)
]]>
            </full-stacktrace>
          </exception> <!-- java.lang.Exception -->
          <reporter-output>
          </reporter-output>
        </test-method> <!-- insuranceCalculate -->
        <test-method is-config="true" signature="teardown()[pri:0, instance:insuranceCalculation_MotorCycle.EndToEndTests_motorcycle@19c65cdc]" started-at="2021-08-16T18:41:22 IST" name="teardown" finished-at="2021-08-16T18:41:26 IST" duration-ms="4076" status="PASS">
          <reporter-output>
          </reporter-output>
        </test-method> <!-- teardown -->
      </class> <!-- insuranceCalculation_MotorCycle.EndToEndTests_motorcycle -->
    </test> <!-- Test -->
  </suite> <!-- Suite -->
</testng-results>
